This is pdfTeX, Version 3.141592653-2.6-1.40.26 (MiKTeX 24.4) (preloaded format=pdflatex 2025.2.3)  11 APR 2025 23:51
entering extended mode
 restricted \write18 enabled.
 %&-line parsing enabled.
**./QUIRK_ResearchAssignment4.tex
(QUIRK_ResearchAssignment4.tex
LaTeX2e <2023-11-01> patch level 1
L3 programming layer <2024-01-04>
(aastex7.cls
Document Class: aastex7 2025/02/06 Version 7/AAS markup document class
Class aastex Info: 

 Original \LaTeX2.09 style by Chris Biemesderfer (chris@seagoat.com). 
 Adapted to \LaTeXe by A. Ogawa (ogawa@teleport.com)
 emulateapj.cls included, Copyright 2000-2015 Alexey Vikhlinin 
 Rewrite and update of emulateapj.cls, revised and enhanced with table macros, 
gridlines, draft watermark,
 track changes, new `modern' style and much more, by Amy Hendrickson,
 (amyh@texnology.com, http://www.texnology.com) 
 
  on input line 113.
\bibbaselineskip=\skip48
LaTeX Info: Redefining \@centercr on input line 497.
Class aastex7 Info: Repairing broken LaTeX eqnarray on input line 558.
\eqncolsep=\skip49
Class aastex7 Info: Repairing hyperref-unfriendly LaTeX definition of \mpfootno
te on input line 586.
\intertabularlinepenalty=\count187
\@tbpen=\count188
\@arstrutbox@hline=\box51
Class aastex7 Info: Repairing broken LaTeX \@xbitor on input line 1711.
Class aastex7 Info: Making \typeout \long on input line 1976.
ltxfront[2022/06/05 4.2f frontmatter package (AO,DPC,MD)]
\c@affil=\count189
\c@collab=\count190
\absbox=\box52
ltxgrid[2022/06/05 4.2f page grid package (portions licensed from W. E. Baxter 
web at superscript.com)]
\c@linecount=\count191
\output@latex=\toks17
\box@size@1=\box53
\box@size@2=\box54
\@protection@box=\box55
\@topmark@saved=\toks18
\footins@saved=\box56
\footins@recovered=\box57
\column@recovered=\box58
\pagesofar=\box59
\footsofar=\box60
\pagegrid@col=\count192
Class aastex7 Info: Overriding \@vspace, \@vspacer, \@no@pgbk, \@newline, and \
\  on input line 5420.
\c@part=\count193
\c@section=\count194
\c@subsection=\count195
\c@subsubsection=\count196
\c@paragraph=\count197
\c@subparagraph=\count198
\abovecaptionskip=\skip50
\belowcaptionskip=\skip51
\c@figure=\count199
\fbox@1=\box61
\c@table=\count266
\fbox@2=\box62
\c@video=\count267
\fbox@4=\box63
(C:\Program Files\MiKTeX\tex/latex/textcase\textcase.sty
Package: textcase 2025/02/16 v1.05 Text only upper/lower case changing (DPC)
Package textcase Info: Defining Legacy names on input line 20.
)
(C:\Program Files\MiKTeX\tex/latex/natbib\natbib.sty
Package: natbib 2010/09/13 8.31b (PWD, AO)
\bibhang=\skip52
\bibsep=\skip53
LaTeX Info: Redefining \cite on input line 694.
\c@NAT@ctr=\count268
)
Class aastex7 Info: Repairing natbib's \BibitemShut on input line 6962.

(C:\Users\colto\AppData\Local\Programs\MiKTeX\tex/latex/base\latexsym.sty
Package: latexsym 1998/08/17 v2.2e Standard LaTeX package (lasy symbols)
\symlasy=\mathgroup4
LaTeX Font Info:    Overwriting symbol font `lasy' in version `bold'
(Font)                  U/lasy/m/n --> U/lasy/b/n on input line 52.
)
(C:\Users\colto\AppData\Local\Programs\MiKTeX\tex/latex/amsfonts\amssymb.sty
Package: amssymb 2013/01/14 v3.01 AMS font symbols

(C:\Users\colto\AppData\Local\Programs\MiKTeX\tex/latex/amsfonts\amsfonts.sty
Package: amsfonts 2013/01/14 v3.01 Basic AMSFonts support
\@emptytoks=\toks19
\symAMSa=\mathgroup5
\symAMSb=\mathgroup6
LaTeX Font Info:    Redeclaring math symbol \hbar on input line 98.
LaTeX Font Info:    Overwriting math alphabet `\mathfrak' in version `bold'
(Font)                  U/euf/m/n --> U/euf/b/n on input line 106.
)) (C:\Program Files\MiKTeX\tex/latex/epsf\epsf.sty
This is `epsf.tex' v2.7.4 <14 February 2011>
\epsffilein=\read2
\epsfframemargin=\dimen140
\epsfframethickness=\dimen141
\epsfrsize=\dimen142
\epsftmp=\dimen143
\epsftsize=\dimen144
\epsfxsize=\dimen145
\epsfysize=\dimen146
\pspoints=\dimen147
) (C:\Users\colto\AppData\Local\Programs\MiKTeX\tex/latex/graphics\graphicx.sty
Package: graphicx 2021/09/16 v1.2d Enhanced LaTeX Graphics (DPC,SPQR)
(C:\Users\colto\AppData\Local\Programs\MiKTeX\tex/latex/graphics\keyval.sty
Package: keyval 2022/05/29 v1.15 key=value parser (DPC)
\KV@toks@=\toks20
)
(C:\Users\colto\AppData\Local\Programs\MiKTeX\tex/latex/graphics\graphics.sty
Package: graphics 2022/03/10 v1.4e Standard LaTeX Graphics (DPC,SPQR)

(C:\Users\colto\AppData\Local\Programs\MiKTeX\tex/latex/graphics\trig.sty
Package: trig 2021/08/11 v1.11 sin cos tan (DPC)
)
(C:\Users\colto\AppData\Local\Programs\MiKTeX\tex/latex/graphics-cfg\graphics.c
fg
File: graphics.cfg 2016/06/04 v1.11 sample graphics configuration
)
Package graphics Info: Driver file: pdftex.def on input line 107.

(C:\Users\colto\AppData\Local\Programs\MiKTeX\tex/latex/graphics-def\pdftex.def
File: pdftex.def 2022/09/22 v1.2b Graphics/color driver for pdftex
))
\Gin@req@height=\dimen148
\Gin@req@width=\dimen149
)
\rptnum=\count269
\rptloopnum=\count270
\fncount=\count271
\endfncount=\count272
\c@front@matter@foot@note=\count273
\keys@width=\skip54
\c@lastfootnote=\count274
\tempsectnum=\count275
\ackbox=\box64
 (C:\Users\colto\AppData\Local\Programs\MiKTeX\tex/latex/base\ifthen.sty
Package: ifthen 2022/04/13 v1.1d Standard LaTeX ifthen package (DPC)
)
\contribbox=\box65
\c@remember@figure@num=\count276
\c@remember@table@num=\count277
\bibskip=\skip55
\bibindent=\dimen150
\plot@width=\skip56
\c@table@save=\count278
\@abovenoteskip=\dimen151
\table@note@skip=\skip57
\deluxe@table@width=\skip58
\@d@t@a=\skip59
\c@deluxe@table@num=\count279
\LTcapwidth=\dimen152
\abovedeluxetableskip=\skip60
\belowdeluxetableskip=\skip61
\lastrowheight=\dimen153
\DT@p@ftn=\toks21
\pt@column=\count280
\pt@ncol=\count281

(C:\Users\colto\AppData\Local\Programs\MiKTeX\tex/latex/url\url.sty
\Urlmuskip=\muskip16
Package: url 2013/09/16  ver 3.4  Verb mode for urls, etc.
)
(C:\Users\colto\AppData\Local\Programs\MiKTeX\tex/latex/tools\longtable.sty
Package: longtable 2023-11-01 v4.19 Multi-page Table package (DPC)
\LTleft=\skip62
\LTright=\skip63
\LTpre=\skip64
\LTpost=\skip65
\LTchunksize=\count282
\LTcapwidth=\dimen154
\LT@head=\box66
\LT@firsthead=\box67
\LT@foot=\box68
\LT@lastfoot=\box69
\LT@gbox=\box70
\LT@cols=\count283
\LT@rows=\count284
\c@LT@tables=\count285
\c@LT@chunks=\count286
\LT@p@ftn=\toks22
)
(C:\Users\colto\AppData\Local\Programs\MiKTeX\tex/latex/xcolor\xcolor.sty
Package: xcolor 2023/11/15 v3.01 LaTeX color extensions (UK)

(C:\Users\colto\AppData\Local\Programs\MiKTeX\tex/latex/graphics-cfg\color.cfg
File: color.cfg 2016/01/02 v1.6 sample color configuration
)
Package xcolor Info: Driver file: pdftex.def on input line 274.
(C:\Users\colto\AppData\Local\Programs\MiKTeX\tex/latex/graphics\mathcolor.ltx)
Package xcolor Info: Model `cmy' substituted by `cmy0' on input line 1350.
Package xcolor Info: Model `hsb' substituted by `rgb' on input line 1354.
Package xcolor Info: Model `RGB' extended on input line 1366.
Package xcolor Info: Model `HTML' substituted by `rgb' on input line 1368.
Package xcolor Info: Model `Hsb' substituted by `hsb' on input line 1369.
Package xcolor Info: Model `tHsb' substituted by `hsb' on input line 1370.
Package xcolor Info: Model `HSB' substituted by `hsb' on input line 1371.
Package xcolor Info: Model `Gray' substituted by `gray' on input line 1372.
Package xcolor Info: Model `wave' substituted by `hsb' on input line 1373.
) (C:\Users\colto\AppData\Local\Programs\MiKTeX\tex/latex/hyperref\hyperref.sty
Package: hyperref 2023-11-26 v7.01g Hypertext links for LaTeX
(C:\Users\colto\AppData\Local\Programs\MiKTeX\tex/generic/iftex\iftex.sty
Package: iftex 2022/02/03 v1.0f TeX engine tests
)
(C:\Program Files\MiKTeX\tex/generic/infwarerr\infwarerr.sty
Package: infwarerr 2019/12/03 v1.5 Providing info/warning/error messages (HO)
)
(C:\Program Files\MiKTeX\tex/latex/kvsetkeys\kvsetkeys.sty
Package: kvsetkeys 2022-10-05 v1.19 Key value parser (HO)
)
(C:\Program Files\MiKTeX\tex/generic/kvdefinekeys\kvdefinekeys.sty
Package: kvdefinekeys 2019-12-19 v1.6 Define keys (HO)
)
(C:\Program Files\MiKTeX\tex/generic/pdfescape\pdfescape.sty
Package: pdfescape 2019/12/09 v1.15 Implements pdfTeX's escape features (HO)

(C:\Program Files\MiKTeX\tex/generic/ltxcmds\ltxcmds.sty
Package: ltxcmds 2023-12-04 v1.26 LaTeX kernel commands for general use (HO)
)
(C:\Users\colto\AppData\Local\Programs\MiKTeX\tex/generic/pdftexcmds\pdftexcmds
.sty
Package: pdftexcmds 2020-06-27 v0.33 Utility functions of pdfTeX for LuaTeX (HO
)
Package pdftexcmds Info: \pdf@primitive is available.
Package pdftexcmds Info: \pdf@ifprimitive is available.
Package pdftexcmds Info: \pdfdraftmode found.
)) (C:\Program Files\MiKTeX\tex/latex/hycolor\hycolor.sty
Package: hycolor 2020-01-27 v1.10 Color options for hyperref/bookmark (HO)
)
(C:\Program Files\MiKTeX\tex/latex/letltxmacro\letltxmacro.sty
Package: letltxmacro 2019/12/03 v1.6 Let assignment for LaTeX macros (HO)
)
(C:\Program Files\MiKTeX\tex/latex/auxhook\auxhook.sty
Package: auxhook 2019-12-17 v1.6 Hooks for auxiliary files (HO)
)
(C:\Users\colto\AppData\Local\Programs\MiKTeX\tex/latex/hyperref\nameref.sty
Package: nameref 2023-11-26 v2.56 Cross-referencing by name of section

(C:\Program Files\MiKTeX\tex/latex/refcount\refcount.sty
Package: refcount 2019/12/15 v3.6 Data extraction from label references (HO)
)
(C:\Program Files\MiKTeX\tex/generic/gettitlestring\gettitlestring.sty
Package: gettitlestring 2019/12/15 v1.6 Cleanup title references (HO)

(C:\Program Files\MiKTeX\tex/latex/kvoptions\kvoptions.sty
Package: kvoptions 2022-06-15 v3.15 Key value format for package options (HO)
))

Package nameref Warning: The definition of \label has changed! 
(nameref)                Check your packages! 
(nameref)                Replacing it with the kernel definition on input line 
149.

\c@section@level=\count287
) (C:\Users\colto\AppData\Local\Programs\MiKTeX\tex/latex/etoolbox\etoolbox.sty
Package: etoolbox 2020/10/05 v2.5k e-TeX tools for LaTeX (JAW)
\etb@tempcnta=\count288
)
\@linkdim=\dimen155
\Hy@linkcounter=\count289
\Hy@pagecounter=\count290
 (C:\Users\colto\AppData\Local\Programs\MiKTeX\tex/latex/hyperref\pd1enc.def
File: pd1enc.def 2023-11-26 v7.01g Hyperref: PDFDocEncoding definition (HO)
Now handling font encoding PD1 ...
... no UTF-8 mapping file for font encoding PD1
)
(C:\Program Files\MiKTeX\tex/generic/intcalc\intcalc.sty
Package: intcalc 2019/12/15 v1.3 Expandable calculations with integers (HO)
)
\Hy@SavedSpaceFactor=\count291

(C:\Users\colto\AppData\Local\Programs\MiKTeX\tex/latex/hyperref\puenc.def
File: puenc.def 2023-11-26 v7.01g Hyperref: PDF Unicode definition (HO)
Now handling font encoding PU ...
... no UTF-8 mapping file for font encoding PU
)
Package hyperref Info: Option `bookmarks' set `true' on input line 4064.
Package hyperref Info: Option `pdfnewwindow' set `true' on input line 4064.
Package hyperref Info: Option `colorlinks' set `true' on input line 4064.
Package hyperref Info: Option `final' set `true' on input line 4064.
Package hyperref Info: Hyper figures OFF on input line 4181.
Package hyperref Info: Link nesting OFF on input line 4186.
Package hyperref Info: Hyper index ON on input line 4189.
Package hyperref Info: Plain pages OFF on input line 4196.
Package hyperref Info: Backreferencing OFF on input line 4201.
Package hyperref Info: Implicit mode ON; LaTeX internals redefined.
Package hyperref Info: Bookmarks ON on input line 4448.
LaTeX Info: Redefining \href on input line 4697.
\c@Hy@tempcnt=\count292
LaTeX Info: Redefining \url on input line 4786.
\XeTeXLinkMargin=\dimen156

(C:\Program Files\MiKTeX\tex/generic/bitset\bitset.sty
Package: bitset 2019/12/09 v1.3 Handle bit-vector datatype (HO)

(C:\Program Files\MiKTeX\tex/generic/bigintcalc\bigintcalc.sty
Package: bigintcalc 2019/12/15 v1.5 Expandable calculations on big integers (HO
)
))
\Fld@menulength=\count293
\Field@Width=\dimen157
\Fld@charsize=\dimen158
Package hyperref Info: Hyper figures OFF on input line 6065.
Package hyperref Info: Link nesting OFF on input line 6070.
Package hyperref Info: Hyper index ON on input line 6073.
Package hyperref Info: backreferencing OFF on input line 6080.
Package hyperref Info: Link coloring ON on input line 6083.
Package hyperref Info: Link coloring with OCG OFF on input line 6090.
Package hyperref Info: PDF/A mode OFF on input line 6095.

(C:\Users\colto\AppData\Local\Programs\MiKTeX\tex/latex/base\atbegshi-ltx.sty
Package: atbegshi-ltx 2021/01/10 v1.0c Emulation of the original atbegshi
package with kernel methods
)
\Hy@abspage=\count294
\c@Item=\count295
\c@Hfootnote=\count296
)
Package hyperref Info: Driver (autodetected): hpdftex.
(C:\Users\colto\AppData\Local\Programs\MiKTeX\tex/latex/hyperref\hpdftex.def
File: hpdftex.def 2023-11-26 v7.01g Hyperref driver for pdfTeX

(C:\Users\colto\AppData\Local\Programs\MiKTeX\tex/latex/base\atveryend-ltx.sty
Package: atveryend-ltx 2020/08/19 v1.0a Emulation of the original atveryend pac
kage
with kernel methods
)
\Fld@listcount=\count297
\c@bookmark@seq@number=\count298
(C:\Program Files\MiKTeX\tex/latex/rerunfilecheck\rerunfilecheck.sty
Package: rerunfilecheck 2022-07-10 v1.10 Rerun checks for auxiliary files (HO)

(C:\Program Files\MiKTeX\tex/generic/uniquecounter\uniquecounter.sty
Package: uniquecounter 2019/12/15 v1.4 Provide unlimited unique counter (HO)
)
Package uniquecounter Info: New unique counter `rerunfilecheck' on input line 2
85.
)
\Hy@SectionHShift=\skip66
)
(C:\Users\colto\AppData\Local\Programs\MiKTeX\tex/latex/tools\array.sty
Package: array 2023/10/16 v2.5g Tabular extension package (FMi)
\col@sep=\dimen159
\ar@mcellbox=\box71
\extrarowheight=\dimen160
\NC@list=\toks23
\extratabsurround=\skip67
\backup@length=\skip68
\ar@cellbox=\box72
)
\colcount=\count299
\firstcolcount=\count300
\secondcolcount=\count301
\thirdcolcount=\count302
\columncount=\count303
\howmanyDs=\count304
\firsthowmanyDs=\count305
\secondhowmanyDs=\count306
\PartsOfTable=\count307
\columnoneandtwo=\count308
\colnumsused=\count309
\loopnum=\count310
\totalcolumncount=\count311
\totalcolumns=\count312
\firsttablebox=\box73
\secondtablebox=\box74
\thirdtablebox=\box75
\deluxetablecnt=\count313
\toprulebelowsep=\dimen161

(C:\Users\colto\AppData\Local\Programs\MiKTeX\tex/latex/graphics\rotating.sty
Package: rotating 2016/08/11 v2.16d rotated objects in LaTeX
\c@r@tfl@t=\count314
\rotFPtop=\skip69
\rotFPbot=\skip70
\rot@float@box=\box76
\rot@mess@toks=\toks24
)
\zdeluxetablecnt=\count315
\longtablebox=\box77
\aassplitbox=\box78
\movetabledown=\dimen162
\maxtablewidth=\dimen163
\savetabskip=\dimen164
\tempcounter=\count316
\colheadcount=\count317
\rotatetablebox=\box79
\tempallauthorcnt=\count318
\printallauthorcnt=\count319
\refchangenumber=\count320
\listchangenum=\count321

(C:\Program Files\MiKTeX\tex/latex/ulem\ulem.sty
\UL@box=\box80
\UL@hyphenbox=\box81
\UL@skip=\skip71
\UL@hook=\toks25
\UL@height=\dimen165
\UL@pe=\count322
\UL@pixel=\dimen166
\ULC@box=\box82
Package: ulem 2019/11/18
\ULdepth=\dimen167
)
\entriesinthiscollab=\count323
\allentries=\count324
\allauthorcnt=\count325
\cofirstauthorcnt=\count326
\AuthorCollaborationLimit=\count327
\largestAffilNum=\count328
\totalentries=\count329
\docollabnum=\count330
\@docollabnum=\count331
\tempauthornumber=\count332
\countauthors=\count333
\testnum=\count334
\restauentries=\count335
\tempauthorminusone=\count336
\affilnum=\count337
\c@affilcount=\count338
\numauthors=\count339
\collabnum=\count340
\collabnamebox=\box83
\widetext@top=\box84
\widetext@bot=\box85
\currwidth=\dimen168
\interactbox=\box86
\movetableright=\dimen169

(C:\Program Files\MiKTeX\tex/latex/lineno\lineno.sty
Package: lineno 2025/01/29 line numbers on paragraphs v5.4
\linenopenalty=\count341
\output=\toks26
\linenoprevgraf=\count342
\linenumbersep=\dimen170
\linenumberwidth=\dimen171
\c@linenumber=\count343
\c@pagewiselinenumber=\count344
\c@LN@truepage=\count345
\c@internallinenumber=\count346
\c@internallinenumbers=\count347
\quotelinenumbersep=\dimen172
\bframerule=\dimen173
\bframesep=\dimen174
\bframebox=\box87
LaTeX Info: Redefining \\ on input line 3187.
))
Class aastex7 Info: Unrecognized array package. Please update this document cla
ss! (Proceeding with fingers crossed.) on input line 63.
Class aastex7 Info: Patching unrecognized longtable package. (Proceeding with f
ingers crossed) on input line 63.
Class aastex7 Info: cite was not loaded (OK!) on input line 63.
Class aastex7 Info: mcite was not loaded (OK!) on input line 63.
Class aastex7 Info: multicol was not loaded (OK!) on input line 63.

(C:\Users\colto\AppData\Local\Programs\MiKTeX\tex/latex/l3backend\l3backend-pdf
tex.def
File: l3backend-pdftex.def 2024-01-04 L3 backend support: PDF output (pdfTeX)
\l__color_backend_stack_int=\count348
\l__pdf_internal_box=\box88
) (QUIRK_ResearchAssignment4.aux)
\openout1 = `QUIRK_ResearchAssignment4.aux'.

LaTeX Font Info:    Checking defaults for OML/cmm/m/it on input line 63.
LaTeX Font Info:    ... okay on input line 63.
LaTeX Font Info:    Checking defaults for OMS/cmsy/m/n on input line 63.
LaTeX Font Info:    ... okay on input line 63.
LaTeX Font Info:    Checking defaults for OT1/cmr/m/n on input line 63.
LaTeX Font Info:    ... okay on input line 63.
LaTeX Font Info:    Checking defaults for T1/cmr/m/n on input line 63.
LaTeX Font Info:    ... okay on input line 63.
LaTeX Font Info:    Checking defaults for TS1/cmr/m/n on input line 63.
LaTeX Font Info:    ... okay on input line 63.
LaTeX Font Info:    Checking defaults for OMX/cmex/m/n on input line 63.
LaTeX Font Info:    ... okay on input line 63.
LaTeX Font Info:    Checking defaults for U/cmr/m/n on input line 63.
LaTeX Font Info:    ... okay on input line 63.
LaTeX Font Info:    Checking defaults for PD1/pdf/m/n on input line 63.
LaTeX Font Info:    ... okay on input line 63.
LaTeX Font Info:    Checking defaults for PU/pdf/m/n on input line 63.
LaTeX Font Info:    ... okay on input line 63.

(C:\Users\colto\AppData\Local\Programs\MiKTeX\tex/context/base/mkii\supp-pdf.mk
ii
[Loading MPS to PDF converter (version 2006.09.02).]
\scratchcounter=\count349
\scratchdimen=\dimen175
\scratchbox=\box89
\nofMPsegments=\count350
\nofMParguments=\count351
\everyMPshowfont=\toks27
\MPscratchCnt=\count352
\MPscratchDim=\dimen176
\MPnumerator=\count353
\makeMPintoPDFobject=\count354
\everyMPtoPDFconversion=\toks28
)
(C:\Users\colto\AppData\Local\Programs\MiKTeX\tex/latex/epstopdf-pkg\epstopdf-b
ase.sty
Package: epstopdf-base 2020-01-24 v2.11 Base part for package epstopdf
 (C:\Program Files\MiKTeX\tex/latex/grfext\grfext.sty
Package: grfext 2019/12/03 v1.3 Manage graphics extensions (HO)
)
Package epstopdf-base Info: Redefining graphics rule for `.eps' on input line 4
85.
Package grfext Info: Graphics extension search list:
(grfext)             [.pdf,.png,.jpg,.mps,.jpeg,.jbig2,.jb2,.PDF,.PNG,.JPG,.JPE
G,.JBIG2,.JB2,.eps]
(grfext)             \AppendGraphicsExtensions on input line 504.

(C:\Users\colto\AppData\Local\Programs\MiKTeX\tex/latex/00miktex\epstopdf-sys.c
fg
File: epstopdf-sys.cfg 2021/03/18 v2.0 Configuration of epstopdf for MiKTeX
))
Package hyperref Info: Link coloring ON on input line 63.
 (QUIRK_ResearchAssignment4.out) (QUIRK_ResearchAssignment4.out)
\@outlinefile=\write3
\openout3 = `QUIRK_ResearchAssignment4.out'.

LaTeX Font Info:    Trying to load font information for U+lasy on input line 10
1.

(C:\Users\colto\AppData\Local\Programs\MiKTeX\tex/latex/base\ulasy.fd
File: ulasy.fd 1998/08/17 v2.2e LaTeX symbol font definitions
)
LaTeX Font Info:    Trying to load font information for U+msa on input line 101
.

(C:\Users\colto\AppData\Local\Programs\MiKTeX\tex/latex/amsfonts\umsa.fd
File: umsa.fd 2013/01/14 v3.01 AMS symbols A
)
LaTeX Font Info:    Trying to load font information for U+msb on input line 101
.

(C:\Users\colto\AppData\Local\Programs\MiKTeX\tex/latex/amsfonts\umsb.fd
File: umsb.fd 2013/01/14 v3.01 AMS symbols B
)

Package natbib Warning: Citation `GalacticBulges' on page 1 undefined on input 
line 108.


Package natbib Warning: Citation `Hopkins2007' on page 1 undefined on input lin
e 117.

<Rotation_Curves_Besla.jpg, id=28, 66.38977pt x 21.05504pt>
File: Rotation_Curves_Besla.jpg Graphic file (type jpg)
<use Rotation_Curves_Besla.jpg>
Package pdftex.def Info: Rotation_Curves_Besla.jpg  used on input line 122.
(pdftex.def)             Requested size: 242.26653pt x 76.84988pt.

Package natbib Warning: Citation `GalacticBulges' on page 1 undefined on input 
line 128.


Package natbib Warning: Citation `Besla2012' on page 1 undefined on input line 
129.


Package natbib Warning: Citation `Kannan2015' on page 1 undefined on input line
 134.

[1{C:/Users/colto/AppData/Local/MiKTeX/fonts/map/pdftex/pdftex.map} <./Rotation
_Curves_Besla.jpg>]
<HW5_RotationCurve_M31.png, id=48, 867.24pt x 433.62pt>
File: HW5_RotationCurve_M31.png Graphic file (type png)
<use HW5_RotationCurve_M31.png>
Package pdftex.def Info: HW5_RotationCurve_M31.png  used on input line 173.
(pdftex.def)             Requested size: 436.15294pt x 218.07983pt.
<Lab7_RotationCurve.png, id=51, 867.24pt x 722.7pt>
File: Lab7_RotationCurve.png Graphic file (type png)
<use Lab7_RotationCurve.png>
Package pdftex.def Info: Lab7_RotationCurve.png  used on input line 185.
(pdftex.def)             Requested size: 205.92802pt x 171.59892pt.
<M31_000_rotation_curve.png, id=53, 519.6213pt x 433.62pt>
File: M31_000_rotation_curve.png Graphic file (type png)
<use M31_000_rotation_curve.png>
Package pdftex.def Info: M31_000_rotation_curve.png  used on input line 207.
(pdftex.def)             Requested size: 242.26653pt x 202.16714pt.
<M31_200_rotation_curve.png, id=54, 519.6213pt x 433.62pt>
File: M31_200_rotation_curve.png Graphic file (type png)
<use M31_200_rotation_curve.png>
Package pdftex.def Info: M31_200_rotation_curve.png  used on input line 213.
(pdftex.def)             Requested size: 242.26653pt x 202.16714pt.
<M31_280_rotation_curve.png, id=55, 519.6213pt x 433.62pt>
File: M31_280_rotation_curve.png Graphic file (type png)
<use M31_280_rotation_curve.png>
Package pdftex.def Info: M31_280_rotation_curve.png  used on input line 219.
(pdftex.def)             Requested size: 242.26653pt x 202.16714pt.
<M31_360_rotation_curve.png, id=56, 519.6213pt x 433.62pt>
File: M31_360_rotation_curve.png Graphic file (type png)
<use M31_360_rotation_curve.png>
Package pdftex.def Info: M31_360_rotation_curve.png  used on input line 225.
(pdftex.def)             Requested size: 242.26653pt x 202.16714pt.
<M31_400_rotation_curve.png, id=57, 519.6213pt x 433.62pt>
File: M31_400_rotation_curve.png Graphic file (type png)
<use M31_400_rotation_curve.png>
Package pdftex.def Info: M31_400_rotation_curve.png  used on input line 231.
(pdftex.def)             Requested size: 242.26653pt x 202.16714pt.


Package natbib Warning: Citation `Kannan2015' on page 2 undefined on input line
 240.

No file QUIRK_ResearchAssignment4.bbl.

Package natbib Warning: There were undefined citations.

[2] [3 <./HW5_RotationCurve_M31.png> <./Lab7_RotationCurve.png> <./M31_000_rota
tion_curve.png>]

LaTeX Warning: A float is stuck (cannot be placed) on input line 269.


Class aastex7 Warning: Deferred float stuck during \clearpage processing.

[4 <./M31_200_rotation_curve.png> <./M31_280_rotation_curve.png> <./M31_360_rot
ation_curve.png> <./M31_400_rotation_curve.png>] (QUIRK_ResearchAssignment4.aux
)
 ***********
LaTeX2e <2023-11-01> patch level 1
L3 programming layer <2024-01-04>
 ***********


LaTeX Warning: Label(s) may have changed. Rerun to get cross-references right.


Package rerunfilecheck Warning: File `QUIRK_ResearchAssignment4.out' has change
d.
(rerunfilecheck)                Rerun to get outlines right
(rerunfilecheck)                or use package `bookmark'.

Package rerunfilecheck Info: Checksums for `QUIRK_ResearchAssignment4.out':
(rerunfilecheck)             Before: 941547061F45F532D7953EABB406AAB2;482
(rerunfilecheck)             After:  A342D00FCF1B186EAF981A068A4425BB;414.
 ) 
Here is how much of TeX's memory you used:
 12786 strings out of 474486
 191781 string characters out of 5743756
 1959542 words of memory out of 5000000
 34895 multiletter control sequences out of 15000+600000
 568778 words of font info for 79 fonts, out of 8000000 for 9000
 1141 hyphenation exceptions out of 8191
 90i,11n,93p,452b,466s stack positions out of 10000i,1000n,20000p,200000b,200000s

pdfTeX warning (dest): name{equation.2.2} has been referenced but does not exis
t, replaced by a fixed one


pdfTeX warning (dest): name{subsection.2.3} has been referenced but does not ex
ist, replaced by a fixed one


pdfTeX warning (dest): name{subsection.2.2} has been referenced but does not ex
ist, replaced by a fixed one


pdfTeX warning (dest): name{subsection.2.1} has been referenced but does not ex
ist, replaced by a fixed one

<C:/Users/colto/AppData/Local/Programs/MiKTeX/fonts/type1/public/amsfonts/cm/cm
bx10.pfb><C:/Users/colto/AppData/Local/Programs/MiKTeX/fonts/type1/public/amsfo
nts/cm/cmbx8.pfb><C:/Users/colto/AppData/Local/Programs/MiKTeX/fonts/type1/publ
ic/amsfonts/cm/cmbx9.pfb><C:/Users/colto/AppData/Local/Programs/MiKTeX/fonts/ty
pe1/public/amsfonts/cm/cmcsc10.pfb><C:/Users/colto/AppData/Local/Programs/MiKTe
X/fonts/type1/public/amsfonts/cm/cmex10.pfb><C:/Users/colto/AppData/Local/Progr
ams/MiKTeX/fonts/type1/public/amsfonts/cm/cmmi10.pfb><C:/Users/colto/AppData/Lo
cal/Programs/MiKTeX/fonts/type1/public/amsfonts/cm/cmr10.pfb><C:/Users/colto/Ap
pData/Local/Programs/MiKTeX/fonts/type1/public/amsfonts/cm/cmr6.pfb><C:/Users/c
olto/AppData/Local/Programs/MiKTeX/fonts/type1/public/amsfonts/cm/cmr7.pfb><C:/
Users/colto/AppData/Local/Programs/MiKTeX/fonts/type1/public/amsfonts/cm/cmr8.p
fb><C:/Users/colto/AppData/Local/Programs/MiKTeX/fonts/type1/public/amsfonts/cm
/cmr9.pfb><C:/Users/colto/AppData/Local/Programs/MiKTeX/fonts/type1/public/amsf
onts/cm/cmss8.pfb><C:/Users/colto/AppData/Local/Programs/MiKTeX/fonts/type1/pub
lic/amsfonts/cm/cmsy10.pfb><C:/Users/colto/AppData/Local/Programs/MiKTeX/fonts/
type1/public/amsfonts/cm/cmti10.pfb><C:/Users/colto/AppData/Local/Programs/MiKT
eX/fonts/type1/public/amsfonts/cm/cmti8.pfb>
Output written on QUIRK_ResearchAssignment4.pdf (4 pages, 702170 bytes).
PDF statistics:
 168 PDF objects out of 1000 (max. 8388607)
 28 named destinations out of 1000 (max. 500000)
 81 words of extra memory for PDF output out of 10000 (max. 10000000)

